
=== Pipeline Stages ciclo 0 ===
IF/ID: addi
ID/EX: addi
EX/MEM: addi
MEM/WB: addi
=====================
=== Registradores(ciclo 0): ===

=== Memória(ciclo 0): ===
FF; C1; 1; 13; 0; 31; 0; B3; 0; A1; 0; 93; 0; 20; 81; B3; 40; 11; 2; 33; 2; 20; 82; B3; 0; 20; F3; 33; 0; 20; E3; B3; 0; 20; C4; 33; 0; 20; 94; B3; 0; 20; D5; 33; 0; 1; 25; 83; 0; 31; 22; 23; 0; 20; 87; 63; 0; 20; 93; 63; 0; 20; C2; 63; 0; 20; D4; 63; 0; 0; 10; 80; 93; FF; F1; 1; 13; FE; 20; 9D; E3; 0; 0; 80; 67; 0; 0; 0; 0; 2A; 0; 0; 0; 1; 0; 0; 0; 2; 0; 0; 0; 3; 0; 0; 0; 4; 0; 0; 0; 5; 
=====================

=== Pipeline Stages ciclo 1 ===
IF/ID: add
ID/EX: addi
EX/MEM: addi
MEM/WB: addi
=====================
=== Registradores(ciclo 1): ===

=== Memória(ciclo 1): ===
FF; C1; 1; 13; 0; 31; 0; B3; 0; A1; 0; 93; 0; 20; 81; B3; 40; 11; 2; 33; 2; 20; 82; B3; 0; 20; F3; 33; 0; 20; E3; B3; 0; 20; C4; 33; 0; 20; 94; B3; 0; 20; D5; 33; 0; 1; 25; 83; 0; 31; 22; 23; 0; 20; 87; 63; 0; 20; 93; 63; 0; 20; C2; 63; 0; 20; D4; 63; 0; 0; 10; 80; 93; FF; F1; 1; 13; FE; 20; 9D; E3; 0; 0; 80; 67; 0; 0; 0; 0; 2A; 0; 0; 0; 1; 0; 0; 0; 2; 0; 0; 0; 3; 0; 0; 0; 4; 0; 0; 0; 5; 
=====================

=== Pipeline Stages ciclo 2 ===
IF/ID: addi
ID/EX: add
EX/MEM: addi
MEM/WB: addi
=====================
=== Registradores(ciclo 2): ===

=== Memória(ciclo 2): ===
FF; C1; 1; 13; 0; 31; 0; B3; 0; A1; 0; 93; 0; 20; 81; B3; 40; 11; 2; 33; 2; 20; 82; B3; 0; 20; F3; 33; 0; 20; E3; B3; 0; 20; C4; 33; 0; 20; 94; B3; 0; 20; D5; 33; 0; 1; 25; 83; 0; 31; 22; 23; 0; 20; 87; 63; 0; 20; 93; 63; 0; 20; C2; 63; 0; 20; D4; 63; 0; 0; 10; 80; 93; FF; F1; 1; 13; FE; 20; 9D; E3; 0; 0; 80; 67; 0; 0; 0; 0; 2A; 0; 0; 0; 1; 0; 0; 0; 2; 0; 0; 0; 3; 0; 0; 0; 4; 0; 0; 0; 5; 
=====================

=== Pipeline Stages ciclo 3 ===
IF/ID: add
ID/EX: addi
EX/MEM: add
MEM/WB: addi
=====================
=== Registradores(ciclo 3): ===

=== Memória(ciclo 3): ===
FF; C1; 1; 13; 0; 31; 0; B3; 0; A1; 0; 93; 0; 20; 81; B3; 40; 11; 2; 33; 2; 20; 82; B3; 0; 20; F3; 33; 0; 20; E3; B3; 0; 20; C4; 33; 0; 20; 94; B3; 0; 20; D5; 33; 0; 1; 25; 83; 0; 31; 22; 23; 0; 20; 87; 63; 0; 20; 93; 63; 0; 20; C2; 63; 0; 20; D4; 63; 0; 0; 10; 80; 93; FF; F1; 1; 13; FE; 20; 9D; E3; 0; 0; 80; 67; 0; 0; 0; 0; 2A; 0; 0; 0; 1; 0; 0; 0; 2; 0; 0; 0; 3; 0; 0; 0; 4; 0; 0; 0; 5; 
=====================

=== Pipeline Stages ciclo 4 ===
IF/ID: sub
ID/EX: add
EX/MEM: addi
MEM/WB: add
=====================
=== Registradores(ciclo 4): ===
Registradores[2] = -4
=====================

=== Memória(ciclo 4): ===
FF; C1; 1; 13; 0; 31; 0; B3; 0; A1; 0; 93; 0; 20; 81; B3; 40; 11; 2; 33; 2; 20; 82; B3; 0; 20; F3; 33; 0; 20; E3; B3; 0; 20; C4; 33; 0; 20; 94; B3; 0; 20; D5; 33; 0; 1; 25; 83; 0; 31; 22; 23; 0; 20; 87; 63; 0; 20; 93; 63; 0; 20; C2; 63; 0; 20; D4; 63; 0; 0; 10; 80; 93; FF; F1; 1; 13; FE; 20; 9D; E3; 0; 0; 80; 67; 0; 0; 0; 0; 2A; 0; 0; 0; 1; 0; 0; 0; 2; 0; 0; 0; 3; 0; 0; 0; 4; 0; 0; 0; 5; 
=====================

=== Pipeline Stages ciclo 5 ===
IF/ID: mul
ID/EX: sub
EX/MEM: add
MEM/WB: addi
=====================
=== Registradores(ciclo 5): ===
Registradores[2] = -4
=====================

=== Memória(ciclo 5): ===
FF; C1; 1; 13; 0; 31; 0; B3; 0; A1; 0; 93; 0; 20; 81; B3; 40; 11; 2; 33; 2; 20; 82; B3; 0; 20; F3; 33; 0; 20; E3; B3; 0; 20; C4; 33; 0; 20; 94; B3; 0; 20; D5; 33; 0; 1; 25; 83; 0; 31; 22; 23; 0; 20; 87; 63; 0; 20; 93; 63; 0; 20; C2; 63; 0; 20; D4; 63; 0; 0; 10; 80; 93; FF; F1; 1; 13; FE; 20; 9D; E3; 0; 0; 80; 67; 0; 0; 0; 0; 2A; 0; 0; 0; 1; 0; 0; 0; 2; 0; 0; 0; 3; 0; 0; 0; 4; 0; 0; 0; 5; 
=====================

=== Pipeline Stages ciclo 6 ===
IF/ID: and
ID/EX: mul
EX/MEM: sub
MEM/WB: add
=====================
=== Registradores(ciclo 6): ===
Registradores[1] = 10
=====================
Registradores[2] = -4
=====================

=== Memória(ciclo 6): ===
FF; C1; 1; 13; 0; 31; 0; B3; 0; A1; 0; 93; 0; 20; 81; B3; 40; 11; 2; 33; 2; 20; 82; B3; 0; 20; F3; 33; 0; 20; E3; B3; 0; 20; C4; 33; 0; 20; 94; B3; 0; 20; D5; 33; 0; 1; 25; 83; 0; 31; 22; 23; 0; 20; 87; 63; 0; 20; 93; 63; 0; 20; C2; 63; 0; 20; D4; 63; 0; 0; 10; 80; 93; FF; F1; 1; 13; FE; 20; 9D; E3; 0; 0; 80; 67; 0; 0; 0; 0; 2A; 0; 0; 0; 1; 0; 0; 0; 2; 0; 0; 0; 3; 0; 0; 0; 4; 0; 0; 0; 5; 
=====================
